  main.cpp
C:\Users\RayDude\source\repos\PDI\PDI\main.cpp(5,5): error C2065: "string": niezadeklarowany identyfikator
C:\Users\RayDude\source\repos\PDI\PDI\main.cpp(5,12): error C2146: błąd składniowy: brakuje „;” przed identyfikatorem „username”
C:\Users\RayDude\source\repos\PDI\PDI\main.cpp(5,12): error C2065: "username": niezadeklarowany identyfikator
C:\Users\RayDude\source\repos\PDI\PDI\main.cpp(8,5): error C2065: "cout": niezadeklarowany identyfikator
C:\Users\RayDude\source\repos\PDI\PDI\main.cpp(8,74): error C2065: "endl": niezadeklarowany identyfikator
C:\Users\RayDude\source\repos\PDI\PDI\main.cpp(11,9): error C2065: "cout": niezadeklarowany identyfikator
C:\Users\RayDude\source\repos\PDI\PDI\main.cpp(11,43): error C2065: "endl": niezadeklarowany identyfikator
C:\Users\RayDude\source\repos\PDI\PDI\main.cpp(15,13): error C2065: "cout": niezadeklarowany identyfikator
C:\Users\RayDude\source\repos\PDI\PDI\main.cpp(15,52): error C2065: "endl": niezadeklarowany identyfikator
C:\Users\RayDude\source\repos\PDI\PDI\main.cpp(18,13): error C2065: "cout": niezadeklarowany identyfikator
C:\Users\RayDude\source\repos\PDI\PDI\main.cpp(18,54): error C2065: "endl": niezadeklarowany identyfikator
C:\Users\RayDude\source\repos\PDI\PDI\main.cpp(19,13): error C2065: "cout": niezadeklarowany identyfikator
C:\Users\RayDude\source\repos\PDI\PDI\main.cpp(19,48): error C2065: "endl": niezadeklarowany identyfikator
C:\Users\RayDude\source\repos\PDI\PDI\main.cpp(20,13): error C2065: "cout": niezadeklarowany identyfikator
C:\Users\RayDude\source\repos\PDI\PDI\main.cpp(20,53): error C2065: "endl": niezadeklarowany identyfikator
C:\Users\RayDude\source\repos\PDI\PDI\main.cpp(21,13): error C2065: "cout": niezadeklarowany identyfikator
C:\Users\RayDude\source\repos\PDI\PDI\main.cpp(22,13): error C2065: "cin": niezadeklarowany identyfikator
C:\Users\RayDude\source\repos\PDI\PDI\main.cpp(32,17): error C2065: "cout": niezadeklarowany identyfikator
C:\Users\RayDude\source\repos\PDI\PDI\main.cpp(32,64): error C2065: "endl": niezadeklarowany identyfikator
C:\Users\RayDude\source\repos\PDI\PDI\main.cpp(35,13): error C2065: "cout": niezadeklarowany identyfikator
C:\Users\RayDude\source\repos\PDI\PDI\main.cpp(35,86): error C2065: "endl": niezadeklarowany identyfikator
C:\Users\RayDude\source\repos\PDI\PDI\main.cpp(39,9): error C2065: "cout": niezadeklarowany identyfikator
C:\Users\RayDude\source\repos\PDI\PDI\main.cpp(39,33): error C2065: "endl": niezadeklarowany identyfikator
C:\Users\RayDude\source\repos\PDI\PDI\main.cpp(40,9): error C2065: "cout": niezadeklarowany identyfikator
C:\Users\RayDude\source\repos\PDI\PDI\main.cpp(40,35): error C2065: "endl": niezadeklarowany identyfikator
C:\Users\RayDude\source\repos\PDI\PDI\main.cpp(41,9): error C2065: "cout": niezadeklarowany identyfikator
C:\Users\RayDude\source\repos\PDI\PDI\main.cpp(41,30): error C2065: "endl": niezadeklarowany identyfikator
C:\Users\RayDude\source\repos\PDI\PDI\main.cpp(42,9): error C2065: "cout": niezadeklarowany identyfikator
C:\Users\RayDude\source\repos\PDI\PDI\main.cpp(43,9): error C2065: "cin": niezadeklarowany identyfikator
C:\Users\RayDude\source\repos\PDI\PDI\main.cpp(45,9): error C2065: "string": niezadeklarowany identyfikator
C:\Users\RayDude\source\repos\PDI\PDI\main.cpp(45,16): error C2146: błąd składniowy: brakuje „;” przed identyfikatorem „dependency”
C:\Users\RayDude\source\repos\PDI\PDI\main.cpp(45,16): error C2065: "dependency": niezadeklarowany identyfikator
C:\Users\RayDude\source\repos\PDI\PDI\main.cpp(49,13): error C2065: "cout": niezadeklarowany identyfikator
C:\Users\RayDude\source\repos\PDI\PDI\main.cpp(50,13): error C2065: "cin": niezadeklarowany identyfikator
C:\Users\RayDude\source\repos\PDI\PDI\main.cpp(50,20): error C2065: "dependency": niezadeklarowany identyfikator
C:\Users\RayDude\source\repos\PDI\PDI\main.cpp(51,38): error C2065: "dependency": niezadeklarowany identyfikator
C:\Users\RayDude\source\repos\PDI\PDI\main.cpp(54,13): error C2065: "cout": niezadeklarowany identyfikator
C:\Users\RayDude\source\repos\PDI\PDI\main.cpp(55,13): error C2065: "cin": niezadeklarowany identyfikator
C:\Users\RayDude\source\repos\PDI\PDI\main.cpp(55,20): error C2065: "dependency": niezadeklarowany identyfikator
C:\Users\RayDude\source\repos\PDI\PDI\main.cpp(56,40): error C2065: "dependency": niezadeklarowany identyfikator
C:\Users\RayDude\source\repos\PDI\PDI\main.cpp(59,13): error C2065: "cout": niezadeklarowany identyfikator
C:\Users\RayDude\source\repos\PDI\PDI\main.cpp(59,51): error C2065: "endl": niezadeklarowany identyfikator
C:\Users\RayDude\source\repos\PDI\PDI\main.cpp(62,13): error C2065: "cout": niezadeklarowany identyfikator
C:\Users\RayDude\source\repos\PDI\PDI\main.cpp(62,60): error C2065: "endl": niezadeklarowany identyfikator
